
> client@0.1.0 build
> next build

   Î“Ă»â–“ Next.js 15.1.7
   - Environments: .env.local
   - Experiments (use with caution):
     â”¬â•– clientTraceMetadata

   Creating an optimized production build ...
 Î“ÂŁĂ´ Compiled successfully
   Linting and checking validity of types ...
   Collecting page data ...
 Î“ĂśĂˇ Page "/robots.txt" is using runtime = 'edge' which is currently incompatible with dynamic = 'force-static'. Please remove either "runtime" or "force-static" for correct behavior
 Î“ĂśĂˇ Using edge runtime on a page currently disables static generation for that page
   Generating static pages (0/32) ...
   Generating static pages (8/32) 
Data fetching error: Error: Dynamic server usage: Route /bookstore couldn't be rendered statically because it used revalidate: 0 fetch http://localhost:3000/api/v1/books/all_storefront /bookstore. See more info here: https://nextjs.org/docs/messages/dynamic-server-error
    at h (C:\Users\USER\Documents\itan-reader-frontend\.next\server\chunks\3774.js:1:62356)
    at <unknown> (C:\Users\USER\Documents\itan-reader-frontend\.next\server\chunks\3774.js:2:12543)
    at <unknown> (C:\Users\USER\Documents\itan-reader-frontend\.next\server\chunks\3774.js:2:24024)
    at e.with (C:\Users\USER\Documents\itan-reader-frontend\.next\server\chunks\3774.js:1:1155)
    at e.with (C:\Users\USER\Documents\itan-reader-frontend\.next\server\chunks\3774.js:1:2244)
    at e.startActiveSpan (C:\Users\USER\Documents\itan-reader-frontend\.next\server\chunks\3774.js:1:18840)
    at e.startActiveSpan (C:\Users\USER\Documents\itan-reader-frontend\.next\server\chunks\3774.js:1:19195)
    at <unknown> (C:\Users\USER\Documents\itan-reader-frontend\.next\server\chunks\3774.js:2:23532)
    at e.with (C:\Users\USER\Documents\itan-reader-frontend\.next\server\chunks\3774.js:1:1155)
    at e.with (C:\Users\USER\Documents\itan-reader-frontend\.next\server\chunks\3774.js:1:2244) {
  description: "Route /bookstore couldn't be rendered statically because it used revalidate: 0 fetch http://localhost:3000/api/v1/books/all_storefront /bookstore. See more info here: https://nextjs.org/docs/messages/dynamic-server-error",
  digest: 'DYNAMIC_SERVER_USAGE'
}
   Generating static pages (16/32) 
   Generating static pages (24/32) 
 Î“ÂŁĂ´ Generating static pages (32/32)
   Finalizing page optimization ...
   Collecting build traces ...

Route (app)                              Size     First Load JS
Î“Ă¶Ă® Î“ĂąĂŻ /                                    72.8 kB         298 kB
Î“Ă¶ÂŁ Î“ĂąĂŻ /_not-found                          1.15 kB         219 kB
Î“Ă¶ÂŁ â•žĂ† /api/highlights                      340 B           218 kB
Î“Ă¶ÂŁ â•žĂ† /api/sentry-example-api              339 B           218 kB
Î“Ă¶ÂŁ â•žĂ† /bookstore                           376 B           226 kB
Î“Ă¶ÂŁ â•žĂ† /bookstore/[slug]                    17.1 kB         275 kB
Î“Ă¶ÂŁ Î“ĂąĂŻ /buyButton                           910 B           219 kB
Î“Ă¶ÂŁ Î“ĂąĂŻ /cookie-preferences                  338 B           218 kB
Î“Ă¶ÂŁ Î“ĂąĂŻ /library                             8.88 kB         265 kB
Î“Ă¶ÂŁ Î“ĂąĂŻ /payment/callback                    1.47 kB         220 kB
Î“Ă¶ÂŁ Î“ĂąĂŻ /privacy-policies                    340 B           218 kB
Î“Ă¶ÂŁ Î“ĂąĂŻ /readBook                            1.58 kB         220 kB
Î“Ă¶ÂŁ Î“ĂąĂŻ /readBook3                           1.52 kB         220 kB
Î“Ă¶ÂŁ Î“ĂąĂŻ /reader/confirm_email                1.31 kB         219 kB
Î“Ă¶ÂŁ Î“ĂąĂŻ /reader/epub                         2.07 kB         220 kB
Î“Ă¶ÂŁ â•žĂ† /reader/epub/[id]                    2.67 kB         221 kB
Î“Ă¶ÂŁ Î“ĂąĂŻ /reader/flipbook                     2.44 kB         221 kB
Î“Ă¶ÂŁ Î“ĂąĂŻ /reader/forgot_password              4.2 kB          262 kB
Î“Ă¶ÂŁ Î“ĂąĂŻ /reader/history                      1.91 kB         255 kB
Î“Ă¶ÂŁ Î“ĂąĂŻ /reader/nextPage                     374 B           226 kB
Î“Ă¶ÂŁ Î“ĂąĂŻ /reader/notifications                1.91 kB         255 kB
Î“Ă¶ÂŁ Î“ĂąĂŻ /reader/orders                       1.9 kB          255 kB
Î“Ă¶ÂŁ Î“ĂąĂŻ /reader/profile-page                 42.7 kB         296 kB
Î“Ă¶ÂŁ Î“ĂąĂŻ /reader/reset_password               2.43 kB         223 kB
Î“Ă¶ÂŁ Î“ĂąĂŻ /reader/settings                     1.9 kB          255 kB
Î“Ă¶ÂŁ Î“ĂąĂŻ /reader/sign_in                      3.74 kB         275 kB
Î“Ă¶ÂŁ Î“ĂąĂŻ /reader/sign_up                      3.42 kB         274 kB
Î“Ă¶ÂŁ Î“ĂąĂŻ /reader/test-sign-up                 338 B           218 kB
Î“Ă¶ÂŁ Î“ĂąĂŻ /reader/two_factor_auth              2.89 kB         242 kB
Î“Ă¶ÂŁ Î“ĂąĂŻ /reader/wishlist                     1.91 kB         255 kB
Î“Ă¶ÂŁ â•žĂ† /robots.txt                          0 B                0 B
Î“Ă¶ÂŁ Î“ĂąĂŻ /sentry-example-page                 5.12 kB         223 kB
Î“Ă¶ÂŁ Î“ĂąĂŻ /sitemap.xml                         0 B                0 B
Î“Ă¶ÂŁ Î“ĂąĂŻ /terms&conditions                    340 B           218 kB
Î“Ă¶ÂŁ â•žĂ† /TheGroitReview                      36 kB           281 kB
Î“Ă¶Ă¶ â•žĂ† /TheGroitReview/[slug]               7.24 kB         243 kB
+ First Load JS shared by all            218 kB
  Î“Ă¶ÂŁ chunks/4bd1b696-1a9c8c3a4cbb50a3.js  53.1 kB
  Î“Ă¶ÂŁ chunks/52774a7f-3332a26a21cc40ac.js  36.9 kB
  Î“Ă¶ÂŁ chunks/6908-4fb85d45c5ab1bf9.js      124 kB
  Î“Ă¶Ă¶ other shared chunks (total)          3.98 kB


Î“ĂąĂŻ  (Static)   prerendered as static content
â•žĂ†  (Dynamic)  server-rendered on demand

